2025-02-20 16:30:37 - Creating new virtual environment...
2025-02-20 16:30:40 - Virtual environment activated.
2025-02-20 16:30:48 - Dependencies installed.
2025-02-20 16:30:48 - Running plant.py for Orchid...
2025-02-20 16:30:49 - Error: No images generated for Orchid.
2025-02-20 16:30:49 - Running plant.py for Cactus...
2025-02-20 16:30:49 - Error: No images generated for Cactus.
2025-02-20 16:30:49 - Running plant.py for Bamboo...
2025-02-20 16:30:50 - Error: No images generated for Bamboo.
2025-02-20 16:30:50 - Running plant.py for Lavender...
2025-02-20 16:30:50 - Error: No images generated for Lavender.
2025-02-20 16:30:50 - Running plant.py for Peony...
2025-02-20 16:30:51 - Error: No images generated for Peony.
2025-02-20 16:30:51 - Script execution completed.
2025-02-20 16:34:07 - Virtual environment activated.
2025-02-20 16:34:08 - Dependencies installed.
2025-02-20 16:34:08 - Running plant.py for Orchid...
2025-02-20 16:34:09 - Error: No images generated for Orchid.
2025-02-20 16:34:09 - Running plant.py for Cactus...
2025-02-20 16:34:09 - Error: No images generated for Cactus.
2025-02-20 16:34:09 - Running plant.py for Bamboo...
2025-02-20 16:34:10 - Error: No images generated for Bamboo.
2025-02-20 16:34:10 - Running plant.py for Lavender...
2025-02-20 16:34:11 - Error: No images generated for Lavender.
2025-02-20 16:34:11 - Running plant.py for Peony...
2025-02-20 16:34:12 - Error: No images generated for Peony.
2025-02-20 16:34:12 - Script execution completed.
