    1  cd ~
    2  mkdir -p ~/Q2_ENV
    3  python3 -m venv ~/Q2_ENV
    4  source ~/Q2_ENV/bin/activate
    5  pip install numpy
    6  mkdir -p ~/Work_Course_Linux/Q2
    7  cp ~/Work_Course_Linux/DOWNLOADS/LINUX_COURSE_WORK-downloads/py1.py ~/Work_Course_Linux/Q2/
    8  cp ~/Work_Course_Linux/CODE/py1.py ~/Work_Course_Linux/Q2/
    9  chmod u+rwx ~/Work_Course_Linux/Q2/py1.py
   10  python3 ~/Work_Course_Linux/Q2/py1.py > ~/Work_Course_Linux/Q2/q2_output.txt
   11  touch ~/Work_Course_Linux/Q2/requirements.txt
   12  echo "numpy" > ~/Work_Course_Linux/Q2/requirements.txt
   13  source ~/Q2_ENV/bin/activate
   14  pip install -r ~/Work_Course_Linux/Q2/requirements.txt
   15  echo "10 20 30 40 50" | python3 ~/Work_Course_Linux/Q2/py1.py >> ~/Work_Course_Linux/Q2/q2_output.txt
   16  python3 ~/Work_Course_Linux/Q2/py1.py > ~/Work_Course_Linux/Q2/q2_output.txt
   17  echo "5 8 12 17 34" | python3 ~/Work_Course_Linux/Q2/py1.py >> ~/Work_Course_Linux/Q2/q2_output.txt
   18  sed 's/np.array(\[1, 2, 3, 4, 5\])/np.array([10, 20, 30, 40, 50])/' ~/Work_Course_Linux/Q2/py1.py | python3 >> ~/Work_Course_Linux/Q2/q2_output.txt
   19  sed 's/np.array(\[1, 2, 3, 4, 5\])/np.array([10, 20, 30, 40, 50])/' ~/Work_Course_Linux/Q2/py1.py | python3 >> ~/Work_Course_Linux/Q2/q2_output.txt
   20  sed 's/np.array(\[1, 2, 3, 4, 5\])/np.array([10, 20, 30, 40, 50])/' ~/Work_Course_Linux/Q2/py1.py > ~/Work_Course_Linux/Q2/temp_py1.py
   21  python3 ~/Work_Course_Linux/Q2/temp_py1.py >> ~/Work_Course_Linux/Q2/q2_output.txt
   22  rm ~/Work_Course_Linux/Q2/temp_py1.py
   23  sed 's/np.array(\[1, 2, 3, 4, 5\])/np.array([10, 20, 30, 40, 50])/' ~/Work_Course_Linux/Q2/py1.py > ~/Work_Course_Linux/Q2/requirements.txt
   24  python3 ~/Work_Course_Linux/Q2/requirements.txt >> ~/Work_Course_Linux/Q2/q2_output.txt
   25  history > ~/Work_Course_Linux/Q2/linux_history.log
